2015/07/06 04:06:39 [error] [exception.CHttpException.404] exception 'CHttpException' with message 'Unable to resolve the request "xiongdizhuangshi/pub/rotate/index".' in /data/php/projects/yii/web/CWebApplication.php:286
Stack trace:
#0 /data/php/projects/yii/web/CWebApplication.php(141): CWebApplication->runController('xiongdizhuangsh...')
#1 /data/php/projects/yii/base/CApplication.php(180): CWebApplication->processRequest()
#2 /data/php/projects/xiongdi/index.php(14): CApplication->run()
#3 {main}
REQUEST_URI=/xiongdizhuangshi/pub/rotate/index
---
2015/07/06 04:27:32 [error] [exception.CException] exception 'CException' with message 'ReportController and its behaviors do not have a method or closure named "layout".' in /data/php/projects/yii/base/CComponent.php:266
Stack trace:
#0 /data/php/projects/xiongdi/protected/controllers/pub/ReportController.php(16): CComponent->__call('layout', Array)
#1 /data/php/projects/xiongdi/protected/controllers/pub/ReportController.php(16): ReportController->layout('report')
#2 /data/php/projects/yii/web/actions/CInlineAction.php(49): ReportController->actionIndex()
#3 /data/php/projects/yii/web/CController.php(308): CInlineAction->runWithParams(Array)
#4 /data/php/projects/yii/web/CController.php(286): CController->runAction(Object(CInlineAction))
#5 /data/php/projects/yii/web/CController.php(265): CController->runActionWithFilters(Object(CInlineAction), Array)
#6 /data/php/projects/yii/web/CWebApplication.php(282): CController->run('index')
#7 /data/php/projects/yii/web/CWebApplication.php(141): CWebApplication->runController('pub/report/inde...')
#8 /data/php/projects/yii/base/CApplication.php(180): CWebApplication->processRequest()
#9 /data/php/projects/xiongdi/index.php(14): CApplication->run()
#10 {main}
REQUEST_URI=/pub/report/index
---
2015/07/06 12:47:58 [error] [exception.Predis_CommunicationException] exception 'Predis_CommunicationException' with message 'Connection refused' in /data/php/projects/xiongdi/protected/extensions/redis/Predis.php:1303
Stack trace:
#0 /data/php/projects/xiongdi/protected/extensions/redis/Predis.php(1268): Predis_Connection->onCommunicationException('Connection refu...', 61)
#1 /data/php/projects/xiongdi/protected/extensions/redis/Predis.php(1382): Predis_Connection->connect()
#2 /data/php/projects/xiongdi/protected/extensions/redis/Predis.php(1335): Predis_Connection->getSocket()
#3 /data/php/projects/xiongdi/protected/extensions/redis/Predis.php(1308): Predis_Connection->writeBytes('*2\r\n$6\r\nEXISTS\r...')
#4 /data/php/projects/xiongdi/protected/extensions/redis/Predis.php(1468): Predis_Connection->writeCommand(Object(Predis_Commands_Exists))
#5 /data/php/projects/xiongdi/protected/extensions/redis/Predis.php(207): Predis_ConnectionCluster->executeCommand(Object(Predis_Commands_Exists))
#6 /data/php/projects/xiongdi/protected/extensions/redis/CRedisCache.php(153): Predis_Client->__call('exists', Array)
#7 /data/php/projects/xiongdi/protected/extensions/redis/CRedisCache.php(153): Predis_Client->exists('20150706_748')
#8 /data/php/projects/xiongdi/protected/controllers/pub/RotateController.php(422): CRedisCache->offsetExists('20150706_748')
#9 /data/php/projects/xiongdi/protected/controllers/pub/RotateController.php(102): RotateController->createPrize()
#10 /data/php/projects/yii/web/actions/CInlineAction.php(49): RotateController->actionRotate()
#11 /data/php/projects/yii/web/CController.php(308): CInlineAction->runWithParams(Array)
#12 /data/php/projects/yii/web/CController.php(286): CController->runAction(Object(CInlineAction))
#13 /data/php/projects/yii/web/CController.php(265): CController->runActionWithFilters(Object(CInlineAction), Array)
#14 /data/php/projects/yii/web/CWebApplication.php(282): CController->run('rotate')
#15 /data/php/projects/yii/web/CWebApplication.php(141): CWebApplication->runController('pub/rotate/rota...')
#16 /data/php/projects/yii/base/CApplication.php(180): CWebApplication->processRequest()
#17 /data/php/projects/xiongdi/index.php(14): CApplication->run()
#18 {main}
REQUEST_URI=/pub/rotate/rotate?_=1436158074293
HTTP_REFERER=http://house.dayuw.cn/pub/rotate/index
---
2015/07/06 12:48:00 [error] [exception.Predis_CommunicationException] exception 'Predis_CommunicationException' with message 'Connection refused' in /data/php/projects/xiongdi/protected/extensions/redis/Predis.php:1303
Stack trace:
#0 /data/php/projects/xiongdi/protected/extensions/redis/Predis.php(1268): Predis_Connection->onCommunicationException('Connection refu...', 61)
#1 /data/php/projects/xiongdi/protected/extensions/redis/Predis.php(1382): Predis_Connection->connect()
#2 /data/php/projects/xiongdi/protected/extensions/redis/Predis.php(1335): Predis_Connection->getSocket()
#3 /data/php/projects/xiongdi/protected/extensions/redis/Predis.php(1308): Predis_Connection->writeBytes('*2\r\n$6\r\nEXISTS\r...')
#4 /data/php/projects/xiongdi/protected/extensions/redis/Predis.php(1468): Predis_Connection->writeCommand(Object(Predis_Commands_Exists))
#5 /data/php/projects/xiongdi/protected/extensions/redis/Predis.php(207): Predis_ConnectionCluster->executeCommand(Object(Predis_Commands_Exists))
#6 /data/php/projects/xiongdi/protected/extensions/redis/CRedisCache.php(153): Predis_Client->__call('exists', Array)
#7 /data/php/projects/xiongdi/protected/extensions/redis/CRedisCache.php(153): Predis_Client->exists('20150706_530')
#8 /data/php/projects/xiongdi/protected/controllers/pub/RotateController.php(422): CRedisCache->offsetExists('20150706_530')
#9 /data/php/projects/xiongdi/protected/controllers/pub/RotateController.php(102): RotateController->createPrize()
#10 /data/php/projects/yii/web/actions/CInlineAction.php(49): RotateController->actionRotate()
#11 /data/php/projects/yii/web/CController.php(308): CInlineAction->runWithParams(Array)
#12 /data/php/projects/yii/web/CController.php(286): CController->runAction(Object(CInlineAction))
#13 /data/php/projects/yii/web/CController.php(265): CController->runActionWithFilters(Object(CInlineAction), Array)
#14 /data/php/projects/yii/web/CWebApplication.php(282): CController->run('rotate')
#15 /data/php/projects/yii/web/CWebApplication.php(141): CWebApplication->runController('pub/rotate/rota...')
#16 /data/php/projects/yii/base/CApplication.php(180): CWebApplication->processRequest()
#17 /data/php/projects/xiongdi/index.php(14): CApplication->run()
#18 {main}
REQUEST_URI=/pub/rotate/rotate?_=1436158074294
HTTP_REFERER=http://house.dayuw.cn/pub/rotate/index
---
2015/07/06 12:48:00 [error] [exception.Predis_CommunicationException] exception 'Predis_CommunicationException' with message 'Connection refused' in /data/php/projects/xiongdi/protected/extensions/redis/Predis.php:1303
Stack trace:
#0 /data/php/projects/xiongdi/protected/extensions/redis/Predis.php(1268): Predis_Connection->onCommunicationException('Connection refu...', 61)
#1 /data/php/projects/xiongdi/protected/extensions/redis/Predis.php(1382): Predis_Connection->connect()
#2 /data/php/projects/xiongdi/protected/extensions/redis/Predis.php(1335): Predis_Connection->getSocket()
#3 /data/php/projects/xiongdi/protected/extensions/redis/Predis.php(1308): Predis_Connection->writeBytes('*2\r\n$6\r\nEXISTS\r...')
#4 /data/php/projects/xiongdi/protected/extensions/redis/Predis.php(1468): Predis_Connection->writeCommand(Object(Predis_Commands_Exists))
#5 /data/php/projects/xiongdi/protected/extensions/redis/Predis.php(207): Predis_ConnectionCluster->executeCommand(Object(Predis_Commands_Exists))
#6 /data/php/projects/xiongdi/protected/extensions/redis/CRedisCache.php(153): Predis_Client->__call('exists', Array)
#7 /data/php/projects/xiongdi/protected/extensions/redis/CRedisCache.php(153): Predis_Client->exists('20150706_1638')
#8 /data/php/projects/xiongdi/protected/controllers/pub/RotateController.php(422): CRedisCache->offsetExists('20150706_1638')
#9 /data/php/projects/xiongdi/protected/controllers/pub/RotateController.php(102): RotateController->createPrize()
#10 /data/php/projects/yii/web/actions/CInlineAction.php(49): RotateController->actionRotate()
#11 /data/php/projects/yii/web/CController.php(308): CInlineAction->runWithParams(Array)
#12 /data/php/projects/yii/web/CController.php(286): CController->runAction(Object(CInlineAction))
#13 /data/php/projects/yii/web/CController.php(265): CController->runActionWithFilters(Object(CInlineAction), Array)
#14 /data/php/projects/yii/web/CWebApplication.php(282): CController->run('rotate')
#15 /data/php/projects/yii/web/CWebApplication.php(141): CWebApplication->runController('pub/rotate/rota...')
#16 /data/php/projects/yii/base/CApplication.php(180): CWebApplication->processRequest()
#17 /data/php/projects/xiongdi/index.php(14): CApplication->run()
#18 {main}
REQUEST_URI=/pub/rotate/rotate?_=1436158074295
HTTP_REFERER=http://house.dayuw.cn/pub/rotate/index
---
2015/07/06 12:48:02 [error] [exception.Predis_CommunicationException] exception 'Predis_CommunicationException' with message 'Connection refused' in /data/php/projects/xiongdi/protected/extensions/redis/Predis.php:1303
Stack trace:
#0 /data/php/projects/xiongdi/protected/extensions/redis/Predis.php(1268): Predis_Connection->onCommunicationException('Connection refu...', 61)
#1 /data/php/projects/xiongdi/protected/extensions/redis/Predis.php(1382): Predis_Connection->connect()
#2 /data/php/projects/xiongdi/protected/extensions/redis/Predis.php(1335): Predis_Connection->getSocket()
#3 /data/php/projects/xiongdi/protected/extensions/redis/Predis.php(1308): Predis_Connection->writeBytes('*2\r\n$6\r\nEXISTS\r...')
#4 /data/php/projects/xiongdi/protected/extensions/redis/Predis.php(1468): Predis_Connection->writeCommand(Object(Predis_Commands_Exists))
#5 /data/php/projects/xiongdi/protected/extensions/redis/Predis.php(207): Predis_ConnectionCluster->executeCommand(Object(Predis_Commands_Exists))
#6 /data/php/projects/xiongdi/protected/extensions/redis/CRedisCache.php(153): Predis_Client->__call('exists', Array)
#7 /data/php/projects/xiongdi/protected/extensions/redis/CRedisCache.php(153): Predis_Client->exists('20150706_112')
#8 /data/php/projects/xiongdi/protected/controllers/pub/RotateController.php(422): CRedisCache->offsetExists('20150706_112')
#9 /data/php/projects/xiongdi/protected/controllers/pub/RotateController.php(102): RotateController->createPrize()
#10 /data/php/projects/yii/web/actions/CInlineAction.php(49): RotateController->actionRotate()
#11 /data/php/projects/yii/web/CController.php(308): CInlineAction->runWithParams(Array)
#12 /data/php/projects/yii/web/CController.php(286): CController->runAction(Object(CInlineAction))
#13 /data/php/projects/yii/web/CController.php(265): CController->runActionWithFilters(Object(CInlineAction), Array)
#14 /data/php/projects/yii/web/CWebApplication.php(282): CController->run('rotate')
#15 /data/php/projects/yii/web/CWebApplication.php(141): CWebApplication->runController('pub/rotate/rota...')
#16 /data/php/projects/yii/base/CApplication.php(180): CWebApplication->processRequest()
#17 /data/php/projects/xiongdi/index.php(14): CApplication->run()
#18 {main}
REQUEST_URI=/pub/rotate/rotate?_=1436158074296
HTTP_REFERER=http://house.dayuw.cn/pub/rotate/index
---
2015/07/06 12:48:05 [error] [exception.Predis_CommunicationException] exception 'Predis_CommunicationException' with message 'Connection refused' in /data/php/projects/xiongdi/protected/extensions/redis/Predis.php:1303
Stack trace:
#0 /data/php/projects/xiongdi/protected/extensions/redis/Predis.php(1268): Predis_Connection->onCommunicationException('Connection refu...', 61)
#1 /data/php/projects/xiongdi/protected/extensions/redis/Predis.php(1382): Predis_Connection->connect()
#2 /data/php/projects/xiongdi/protected/extensions/redis/Predis.php(1335): Predis_Connection->getSocket()
#3 /data/php/projects/xiongdi/protected/extensions/redis/Predis.php(1308): Predis_Connection->writeBytes('*2\r\n$6\r\nEXISTS\r...')
#4 /data/php/projects/xiongdi/protected/extensions/redis/Predis.php(1468): Predis_Connection->writeCommand(Object(Predis_Commands_Exists))
#5 /data/php/projects/xiongdi/protected/extensions/redis/Predis.php(207): Predis_ConnectionCluster->executeCommand(Object(Predis_Commands_Exists))
#6 /data/php/projects/xiongdi/protected/extensions/redis/CRedisCache.php(153): Predis_Client->__call('exists', Array)
#7 /data/php/projects/xiongdi/protected/extensions/redis/CRedisCache.php(153): Predis_Client->exists('20150706_826')
#8 /data/php/projects/xiongdi/protected/controllers/pub/RotateController.php(422): CRedisCache->offsetExists('20150706_826')
#9 /data/php/projects/xiongdi/protected/controllers/pub/RotateController.php(102): RotateController->createPrize()
#10 /data/php/projects/yii/web/actions/CInlineAction.php(49): RotateController->actionRotate()
#11 /data/php/projects/yii/web/CController.php(308): CInlineAction->runWithParams(Array)
#12 /data/php/projects/yii/web/CController.php(286): CController->runAction(Object(CInlineAction))
#13 /data/php/projects/yii/web/CController.php(265): CController->runActionWithFilters(Object(CInlineAction), Array)
#14 /data/php/projects/yii/web/CWebApplication.php(282): CController->run('rotate')
#15 /data/php/projects/yii/web/CWebApplication.php(141): CWebApplication->runController('pub/rotate/rota...')
#16 /data/php/projects/yii/base/CApplication.php(180): CWebApplication->processRequest()
#17 /data/php/projects/xiongdi/index.php(14): CApplication->run()
#18 {main}
REQUEST_URI=/pub/rotate/rotate?_=1436158074297
HTTP_REFERER=http://house.dayuw.cn/pub/rotate/index
---
2015/07/06 12:48:06 [error] [exception.Predis_CommunicationException] exception 'Predis_CommunicationException' with message 'Connection refused' in /data/php/projects/xiongdi/protected/extensions/redis/Predis.php:1303
Stack trace:
#0 /data/php/projects/xiongdi/protected/extensions/redis/Predis.php(1268): Predis_Connection->onCommunicationException('Connection refu...', 61)
#1 /data/php/projects/xiongdi/protected/extensions/redis/Predis.php(1382): Predis_Connection->connect()
#2 /data/php/projects/xiongdi/protected/extensions/redis/Predis.php(1335): Predis_Connection->getSocket()
#3 /data/php/projects/xiongdi/protected/extensions/redis/Predis.php(1308): Predis_Connection->writeBytes('*2\r\n$6\r\nEXISTS\r...')
#4 /data/php/projects/xiongdi/protected/extensions/redis/Predis.php(1468): Predis_Connection->writeCommand(Object(Predis_Commands_Exists))
#5 /data/php/projects/xiongdi/protected/extensions/redis/Predis.php(207): Predis_ConnectionCluster->executeCommand(Object(Predis_Commands_Exists))
#6 /data/php/projects/xiongdi/protected/extensions/redis/CRedisCache.php(153): Predis_Client->__call('exists', Array)
#7 /data/php/projects/xiongdi/protected/extensions/redis/CRedisCache.php(153): Predis_Client->exists('20150706_1781')
#8 /data/php/projects/xiongdi/protected/controllers/pub/RotateController.php(422): CRedisCache->offsetExists('20150706_1781')
#9 /data/php/projects/xiongdi/protected/controllers/pub/RotateController.php(102): RotateController->createPrize()
#10 /data/php/projects/yii/web/actions/CInlineAction.php(49): RotateController->actionRotate()
#11 /data/php/projects/yii/web/CController.php(308): CInlineAction->runWithParams(Array)
#12 /data/php/projects/yii/web/CController.php(286): CController->runAction(Object(CInlineAction))
#13 /data/php/projects/yii/web/CController.php(265): CController->runActionWithFilters(Object(CInlineAction), Array)
#14 /data/php/projects/yii/web/CWebApplication.php(282): CController->run('rotate')
#15 /data/php/projects/yii/web/CWebApplication.php(141): CWebApplication->runController('pub/rotate/rota...')
#16 /data/php/projects/yii/base/CApplication.php(180): CWebApplication->processRequest()
#17 /data/php/projects/xiongdi/index.php(14): CApplication->run()
#18 {main}
REQUEST_URI=/pub/rotate/rotate?_=1436158074298
HTTP_REFERER=http://house.dayuw.cn/pub/rotate/index
---
2015/07/06 12:48:09 [error] [exception.Predis_CommunicationException] exception 'Predis_CommunicationException' with message 'Connection refused' in /data/php/projects/xiongdi/protected/extensions/redis/Predis.php:1303
Stack trace:
#0 /data/php/projects/xiongdi/protected/extensions/redis/Predis.php(1268): Predis_Connection->onCommunicationException('Connection refu...', 61)
#1 /data/php/projects/xiongdi/protected/extensions/redis/Predis.php(1382): Predis_Connection->connect()
#2 /data/php/projects/xiongdi/protected/extensions/redis/Predis.php(1335): Predis_Connection->getSocket()
#3 /data/php/projects/xiongdi/protected/extensions/redis/Predis.php(1308): Predis_Connection->writeBytes('*2\r\n$6\r\nEXISTS\r...')
#4 /data/php/projects/xiongdi/protected/extensions/redis/Predis.php(1468): Predis_Connection->writeCommand(Object(Predis_Commands_Exists))
#5 /data/php/projects/xiongdi/protected/extensions/redis/Predis.php(207): Predis_ConnectionCluster->executeCommand(Object(Predis_Commands_Exists))
#6 /data/php/projects/xiongdi/protected/extensions/redis/CRedisCache.php(153): Predis_Client->__call('exists', Array)
#7 /data/php/projects/xiongdi/protected/extensions/redis/CRedisCache.php(153): Predis_Client->exists('20150706_497')
#8 /data/php/projects/xiongdi/protected/controllers/pub/RotateController.php(422): CRedisCache->offsetExists('20150706_497')
#9 /data/php/projects/xiongdi/protected/controllers/pub/RotateController.php(102): RotateController->createPrize()
#10 /data/php/projects/yii/web/actions/CInlineAction.php(49): RotateController->actionRotate()
#11 /data/php/projects/yii/web/CController.php(308): CInlineAction->runWithParams(Array)
#12 /data/php/projects/yii/web/CController.php(286): CController->runAction(Object(CInlineAction))
#13 /data/php/projects/yii/web/CController.php(265): CController->runActionWithFilters(Object(CInlineAction), Array)
#14 /data/php/projects/yii/web/CWebApplication.php(282): CController->run('rotate')
#15 /data/php/projects/yii/web/CWebApplication.php(141): CWebApplication->runController('pub/rotate/rota...')
#16 /data/php/projects/yii/base/CApplication.php(180): CWebApplication->processRequest()
#17 /data/php/projects/xiongdi/index.php(14): CApplication->run()
#18 {main}
REQUEST_URI=/pub/rotate/rotate?_=1436158074299
HTTP_REFERER=http://house.dayuw.cn/pub/rotate/index
---
2015/07/06 12:48:22 [error] [exception.Predis_CommunicationException] exception 'Predis_CommunicationException' with message 'Connection refused' in /data/php/projects/xiongdi/protected/extensions/redis/Predis.php:1303
Stack trace:
#0 /data/php/projects/xiongdi/protected/extensions/redis/Predis.php(1268): Predis_Connection->onCommunicationException('Connection refu...', 61)
#1 /data/php/projects/xiongdi/protected/extensions/redis/Predis.php(1382): Predis_Connection->connect()
#2 /data/php/projects/xiongdi/protected/extensions/redis/Predis.php(1335): Predis_Connection->getSocket()
#3 /data/php/projects/xiongdi/protected/extensions/redis/Predis.php(1308): Predis_Connection->writeBytes('*2\r\n$6\r\nEXISTS\r...')
#4 /data/php/projects/xiongdi/protected/extensions/redis/Predis.php(1468): Predis_Connection->writeCommand(Object(Predis_Commands_Exists))
#5 /data/php/projects/xiongdi/protected/extensions/redis/Predis.php(207): Predis_ConnectionCluster->executeCommand(Object(Predis_Commands_Exists))
#6 /data/php/projects/xiongdi/protected/extensions/redis/CRedisCache.php(153): Predis_Client->__call('exists', Array)
#7 /data/php/projects/xiongdi/protected/extensions/redis/CRedisCache.php(153): Predis_Client->exists('20150706_1076')
#8 /data/php/projects/xiongdi/protected/controllers/pub/RotateController.php(422): CRedisCache->offsetExists('20150706_1076')
#9 /data/php/projects/xiongdi/protected/controllers/pub/RotateController.php(102): RotateController->createPrize()
#10 /data/php/projects/yii/web/actions/CInlineAction.php(49): RotateController->actionRotate()
#11 /data/php/projects/yii/web/CController.php(308): CInlineAction->runWithParams(Array)
#12 /data/php/projects/yii/web/CController.php(286): CController->runAction(Object(CInlineAction))
#13 /data/php/projects/yii/web/CController.php(265): CController->runActionWithFilters(Object(CInlineAction), Array)
#14 /data/php/projects/yii/web/CWebApplication.php(282): CController->run('rotate')
#15 /data/php/projects/yii/web/CWebApplication.php(141): CWebApplication->runController('pub/rotate/rota...')
#16 /data/php/projects/yii/base/CApplication.php(180): CWebApplication->processRequest()
#17 /data/php/projects/xiongdi/index.php(14): CApplication->run()
#18 {main}
REQUEST_URI=/pub/rotate/rotate?_=1436158095085
HTTP_REFERER=http://house.dayuw.cn/pub/rotate/index
---
2015/07/06 08:27:18 [error] [exception.CHttpException.404] exception 'CHttpException' with message 'Unable to resolve the request "xiongdizhuangshi/pub/rotate/index".' in /data/php/projects/yii/web/CWebApplication.php:286
Stack trace:
#0 /data/php/projects/yii/web/CWebApplication.php(141): CWebApplication->runController('xiongdizhuangsh...')
#1 /data/php/projects/yii/base/CApplication.php(180): CWebApplication->processRequest()
#2 /data/php/projects/xiongdi/index.php(14): CApplication->run()
#3 {main}
REQUEST_URI=/xiongdizhuangshi/pub/rotate/index
---
2015/07/08 10:10:56 [error] [exception.Predis_CommunicationException] exception 'Predis_CommunicationException' with message 'Connection refused' in /data/php/projects/xiongdi/protected/extensions/redis/Predis.php:1303
Stack trace:
#0 /data/php/projects/xiongdi/protected/extensions/redis/Predis.php(1268): Predis_Connection->onCommunicationException('Connection refu...', 61)
#1 /data/php/projects/xiongdi/protected/extensions/redis/Predis.php(1382): Predis_Connection->connect()
#2 /data/php/projects/xiongdi/protected/extensions/redis/Predis.php(1335): Predis_Connection->getSocket()
#3 /data/php/projects/xiongdi/protected/extensions/redis/Predis.php(1308): Predis_Connection->writeBytes('*2\r\n$6\r\nEXISTS\r...')
#4 /data/php/projects/xiongdi/protected/extensions/redis/Predis.php(1468): Predis_Connection->writeCommand(Object(Predis_Commands_Exists))
#5 /data/php/projects/xiongdi/protected/extensions/redis/Predis.php(207): Predis_ConnectionCluster->executeCommand(Object(Predis_Commands_Exists))
#6 /data/php/projects/xiongdi/protected/extensions/redis/CRedisCache.php(153): Predis_Client->__call('exists', Array)
#7 /data/php/projects/xiongdi/protected/extensions/redis/CRedisCache.php(153): Predis_Client->exists('20150708_389')
#8 /data/php/projects/xiongdi/protected/controllers/pub/RotateController.php(422): CRedisCache->offsetExists('20150708_389')
#9 /data/php/projects/xiongdi/protected/controllers/pub/RotateController.php(102): RotateController->createPrize()
#10 /data/php/projects/yii/web/actions/CInlineAction.php(49): RotateController->actionRotate()
#11 /data/php/projects/yii/web/CController.php(308): CInlineAction->runWithParams(Array)
#12 /data/php/projects/yii/web/CController.php(286): CController->runAction(Object(CInlineAction))
#13 /data/php/projects/yii/web/CController.php(265): CController->runActionWithFilters(Object(CInlineAction), Array)
#14 /data/php/projects/yii/web/CWebApplication.php(282): CController->run('rotate')
#15 /data/php/projects/yii/web/CWebApplication.php(141): CWebApplication->runController('pub/rotate/rota...')
#16 /data/php/projects/yii/base/CApplication.php(180): CWebApplication->processRequest()
#17 /data/php/projects/xiongdi/index.php(14): CApplication->run()
#18 {main}
REQUEST_URI=/pub/rotate/rotate?_=1436321454035
HTTP_REFERER=http://house.dayuw.cn/pub/rotate/index
---
2015/07/08 10:10:59 [error] [exception.Predis_CommunicationException] exception 'Predis_CommunicationException' with message 'Connection refused' in /data/php/projects/xiongdi/protected/extensions/redis/Predis.php:1303
Stack trace:
#0 /data/php/projects/xiongdi/protected/extensions/redis/Predis.php(1268): Predis_Connection->onCommunicationException('Connection refu...', 61)
#1 /data/php/projects/xiongdi/protected/extensions/redis/Predis.php(1382): Predis_Connection->connect()
#2 /data/php/projects/xiongdi/protected/extensions/redis/Predis.php(1335): Predis_Connection->getSocket()
#3 /data/php/projects/xiongdi/protected/extensions/redis/Predis.php(1308): Predis_Connection->writeBytes('*2\r\n$6\r\nEXISTS\r...')
#4 /data/php/projects/xiongdi/protected/extensions/redis/Predis.php(1468): Predis_Connection->writeCommand(Object(Predis_Commands_Exists))
#5 /data/php/projects/xiongdi/protected/extensions/redis/Predis.php(207): Predis_ConnectionCluster->executeCommand(Object(Predis_Commands_Exists))
#6 /data/php/projects/xiongdi/protected/extensions/redis/CRedisCache.php(153): Predis_Client->__call('exists', Array)
#7 /data/php/projects/xiongdi/protected/extensions/redis/CRedisCache.php(153): Predis_Client->exists('20150708_105')
#8 /data/php/projects/xiongdi/protected/controllers/pub/RotateController.php(422): CRedisCache->offsetExists('20150708_105')
#9 /data/php/projects/xiongdi/protected/controllers/pub/RotateController.php(102): RotateController->createPrize()
#10 /data/php/projects/yii/web/actions/CInlineAction.php(49): RotateController->actionRotate()
#11 /data/php/projects/yii/web/CController.php(308): CInlineAction->runWithParams(Array)
#12 /data/php/projects/yii/web/CController.php(286): CController->runAction(Object(CInlineAction))
#13 /data/php/projects/yii/web/CController.php(265): CController->runActionWithFilters(Object(CInlineAction), Array)
#14 /data/php/projects/yii/web/CWebApplication.php(282): CController->run('rotate')
#15 /data/php/projects/yii/web/CWebApplication.php(141): CWebApplication->runController('pub/rotate/rota...')
#16 /data/php/projects/yii/base/CApplication.php(180): CWebApplication->processRequest()
#17 /data/php/projects/xiongdi/index.php(14): CApplication->run()
#18 {main}
REQUEST_URI=/pub/rotate/rotate?_=1436321454036
HTTP_REFERER=http://house.dayuw.cn/pub/rotate/index
---
2015/07/08 04:25:34 [error] [exception.CHttpException.404] exception 'CHttpException' with message 'Unable to resolve the request "favicon.ico".' in /data/php/projects/yii/web/CWebApplication.php:286
Stack trace:
#0 /data/php/projects/yii/web/CWebApplication.php(141): CWebApplication->runController('favicon.ico')
#1 /data/php/projects/yii/base/CApplication.php(180): CWebApplication->processRequest()
#2 /data/php/projects/xiongdi/index.php(14): CApplication->run()
#3 {main}
REQUEST_URI=/favicon.ico
HTTP_REFERER=http://mobile.cq.qq.com/pub/rotate/index
---
2015/07/08 10:27:49 [error] [exception.Predis_CommunicationException] exception 'Predis_CommunicationException' with message 'Connection refused' in /data/php/projects/xiongdi/protected/extensions/redis/Predis.php:1303
Stack trace:
#0 /data/php/projects/xiongdi/protected/extensions/redis/Predis.php(1268): Predis_Connection->onCommunicationException('Connection refu...', 61)
#1 /data/php/projects/xiongdi/protected/extensions/redis/Predis.php(1382): Predis_Connection->connect()
#2 /data/php/projects/xiongdi/protected/extensions/redis/Predis.php(1335): Predis_Connection->getSocket()
#3 /data/php/projects/xiongdi/protected/extensions/redis/Predis.php(1308): Predis_Connection->writeBytes('*2\r\n$6\r\nEXISTS\r...')
#4 /data/php/projects/xiongdi/protected/extensions/redis/Predis.php(1468): Predis_Connection->writeCommand(Object(Predis_Commands_Exists))
#5 /data/php/projects/xiongdi/protected/extensions/redis/Predis.php(207): Predis_ConnectionCluster->executeCommand(Object(Predis_Commands_Exists))
#6 /data/php/projects/xiongdi/protected/extensions/redis/CRedisCache.php(153): Predis_Client->__call('exists', Array)
#7 /data/php/projects/xiongdi/protected/extensions/redis/CRedisCache.php(153): Predis_Client->exists('20150708_102')
#8 /data/php/projects/xiongdi/protected/controllers/pub/RotateController.php(422): CRedisCache->offsetExists('20150708_102')
#9 /data/php/projects/xiongdi/protected/controllers/pub/RotateController.php(102): RotateController->createPrize()
#10 /data/php/projects/yii/web/actions/CInlineAction.php(49): RotateController->actionRotate()
#11 /data/php/projects/yii/web/CController.php(308): CInlineAction->runWithParams(Array)
#12 /data/php/projects/yii/web/CController.php(286): CController->runAction(Object(CInlineAction))
#13 /data/php/projects/yii/web/CController.php(265): CController->runActionWithFilters(Object(CInlineAction), Array)
#14 /data/php/projects/yii/web/CWebApplication.php(282): CController->run('rotate')
#15 /data/php/projects/yii/web/CWebApplication.php(141): CWebApplication->runController('pub/rotate/rota...')
#16 /data/php/projects/yii/base/CApplication.php(180): CWebApplication->processRequest()
#17 /data/php/projects/xiongdi/index.php(14): CApplication->run()
#18 {main}
REQUEST_URI=/pub/rotate/rotate?_=1436322464916
HTTP_REFERER=http://mobile.cq.qq.com/pub/rotate/index
---
2015/07/08 10:27:50 [error] [exception.Predis_CommunicationException] exception 'Predis_CommunicationException' with message 'Connection refused' in /data/php/projects/xiongdi/protected/extensions/redis/Predis.php:1303
Stack trace:
#0 /data/php/projects/xiongdi/protected/extensions/redis/Predis.php(1268): Predis_Connection->onCommunicationException('Connection refu...', 61)
#1 /data/php/projects/xiongdi/protected/extensions/redis/Predis.php(1382): Predis_Connection->connect()
#2 /data/php/projects/xiongdi/protected/extensions/redis/Predis.php(1335): Predis_Connection->getSocket()
#3 /data/php/projects/xiongdi/protected/extensions/redis/Predis.php(1308): Predis_Connection->writeBytes('*2\r\n$6\r\nEXISTS\r...')
#4 /data/php/projects/xiongdi/protected/extensions/redis/Predis.php(1468): Predis_Connection->writeCommand(Object(Predis_Commands_Exists))
#5 /data/php/projects/xiongdi/protected/extensions/redis/Predis.php(207): Predis_ConnectionCluster->executeCommand(Object(Predis_Commands_Exists))
#6 /data/php/projects/xiongdi/protected/extensions/redis/CRedisCache.php(153): Predis_Client->__call('exists', Array)
#7 /data/php/projects/xiongdi/protected/extensions/redis/CRedisCache.php(153): Predis_Client->exists('20150708_205')
#8 /data/php/projects/xiongdi/protected/controllers/pub/RotateController.php(422): CRedisCache->offsetExists('20150708_205')
#9 /data/php/projects/xiongdi/protected/controllers/pub/RotateController.php(102): RotateController->createPrize()
#10 /data/php/projects/yii/web/actions/CInlineAction.php(49): RotateController->actionRotate()
#11 /data/php/projects/yii/web/CController.php(308): CInlineAction->runWithParams(Array)
#12 /data/php/projects/yii/web/CController.php(286): CController->runAction(Object(CInlineAction))
#13 /data/php/projects/yii/web/CController.php(265): CController->runActionWithFilters(Object(CInlineAction), Array)
#14 /data/php/projects/yii/web/CWebApplication.php(282): CController->run('rotate')
#15 /data/php/projects/yii/web/CWebApplication.php(141): CWebApplication->runController('pub/rotate/rota...')
#16 /data/php/projects/yii/base/CApplication.php(180): CWebApplication->processRequest()
#17 /data/php/projects/xiongdi/index.php(14): CApplication->run()
#18 {main}
REQUEST_URI=/pub/rotate/rotate?_=1436322464917
HTTP_REFERER=http://mobile.cq.qq.com/pub/rotate/index
---
2015/07/08 10:27:51 [error] [exception.Predis_CommunicationException] exception 'Predis_CommunicationException' with message 'Connection refused' in /data/php/projects/xiongdi/protected/extensions/redis/Predis.php:1303
Stack trace:
#0 /data/php/projects/xiongdi/protected/extensions/redis/Predis.php(1268): Predis_Connection->onCommunicationException('Connection refu...', 61)
#1 /data/php/projects/xiongdi/protected/extensions/redis/Predis.php(1382): Predis_Connection->connect()
#2 /data/php/projects/xiongdi/protected/extensions/redis/Predis.php(1335): Predis_Connection->getSocket()
#3 /data/php/projects/xiongdi/protected/extensions/redis/Predis.php(1308): Predis_Connection->writeBytes('*2\r\n$6\r\nEXISTS\r...')
#4 /data/php/projects/xiongdi/protected/extensions/redis/Predis.php(1468): Predis_Connection->writeCommand(Object(Predis_Commands_Exists))
#5 /data/php/projects/xiongdi/protected/extensions/redis/Predis.php(207): Predis_ConnectionCluster->executeCommand(Object(Predis_Commands_Exists))
#6 /data/php/projects/xiongdi/protected/extensions/redis/CRedisCache.php(153): Predis_Client->__call('exists', Array)
#7 /data/php/projects/xiongdi/protected/extensions/redis/CRedisCache.php(153): Predis_Client->exists('20150708_185')
#8 /data/php/projects/xiongdi/protected/controllers/pub/RotateController.php(422): CRedisCache->offsetExists('20150708_185')
#9 /data/php/projects/xiongdi/protected/controllers/pub/RotateController.php(102): RotateController->createPrize()
#10 /data/php/projects/yii/web/actions/CInlineAction.php(49): RotateController->actionRotate()
#11 /data/php/projects/yii/web/CController.php(308): CInlineAction->runWithParams(Array)
#12 /data/php/projects/yii/web/CController.php(286): CController->runAction(Object(CInlineAction))
#13 /data/php/projects/yii/web/CController.php(265): CController->runActionWithFilters(Object(CInlineAction), Array)
#14 /data/php/projects/yii/web/CWebApplication.php(282): CController->run('rotate')
#15 /data/php/projects/yii/web/CWebApplication.php(141): CWebApplication->runController('pub/rotate/rota...')
#16 /data/php/projects/yii/base/CApplication.php(180): CWebApplication->processRequest()
#17 /data/php/projects/xiongdi/index.php(14): CApplication->run()
#18 {main}
REQUEST_URI=/pub/rotate/rotate?_=1436322464918
HTTP_REFERER=http://mobile.cq.qq.com/pub/rotate/index
---
2015/07/08 05:15:47 [error] [exception.CHttpException.404] exception 'CHttpException' with message 'Unable to resolve the request "favicon.ico".' in /data/php/projects/yii/web/CWebApplication.php:286
Stack trace:
#0 /data/php/projects/yii/web/CWebApplication.php(141): CWebApplication->runController('favicon.ico')
#1 /data/php/projects/yii/base/CApplication.php(180): CWebApplication->processRequest()
#2 /data/php/projects/xiongdi/index.php(14): CApplication->run()
#3 {main}
REQUEST_URI=/favicon.ico
HTTP_REFERER=http://mobile.cq.qq.com/pub/rotate/index
---
2015/07/08 05:17:49 [error] [exception.CHttpException.404] exception 'CHttpException' with message 'Unable to resolve the request "favicon.ico".' in /data/php/projects/yii/web/CWebApplication.php:286
Stack trace:
#0 /data/php/projects/yii/web/CWebApplication.php(141): CWebApplication->runController('favicon.ico')
#1 /data/php/projects/yii/base/CApplication.php(180): CWebApplication->processRequest()
#2 /data/php/projects/xiongdi/index.php(14): CApplication->run()
#3 {main}
REQUEST_URI=/favicon.ico
HTTP_REFERER=http://10.3.21.88/
---
2015/07/08 05:32:48 [error] [exception.CHttpException.404] exception 'CHttpException' with message 'Unable to resolve the request "favicon.ico".' in /data/php/projects/yii/web/CWebApplication.php:286
Stack trace:
#0 /data/php/projects/yii/web/CWebApplication.php(141): CWebApplication->runController('favicon.ico')
#1 /data/php/projects/yii/base/CApplication.php(180): CWebApplication->processRequest()
#2 /data/php/projects/xiongdi/index.php(14): CApplication->run()
#3 {main}
REQUEST_URI=/favicon.ico
HTTP_REFERER=http://house.dayuw.cn/pub/rotate/index
---
2015/07/08 05:54:20 [error] [exception.CHttpException.404] exception 'CHttpException' with message 'Unable to resolve the request "xiongdizhuangshi/pub/rotate/index".' in /data/php/projects/yii/web/CWebApplication.php:286
Stack trace:
#0 /data/php/projects/yii/web/CWebApplication.php(141): CWebApplication->runController('xiongdizhuangsh...')
#1 /data/php/projects/yii/base/CApplication.php(180): CWebApplication->processRequest()
#2 /data/php/projects/xiongdi/index.php(14): CApplication->run()
#3 {main}
REQUEST_URI=/xiongdizhuangshi/pub/rotate/index
---
2015/07/08 11:55:43 [error] [exception.Predis_CommunicationException] exception 'Predis_CommunicationException' with message 'Connection refused' in /data/php/projects/xiongdi/protected/extensions/redis/Predis.php:1303
Stack trace:
#0 /data/php/projects/xiongdi/protected/extensions/redis/Predis.php(1268): Predis_Connection->onCommunicationException('Connection refu...', 61)
#1 /data/php/projects/xiongdi/protected/extensions/redis/Predis.php(1382): Predis_Connection->connect()
#2 /data/php/projects/xiongdi/protected/extensions/redis/Predis.php(1335): Predis_Connection->getSocket()
#3 /data/php/projects/xiongdi/protected/extensions/redis/Predis.php(1308): Predis_Connection->writeBytes('*2\r\n$6\r\nEXISTS\r...')
#4 /data/php/projects/xiongdi/protected/extensions/redis/Predis.php(1468): Predis_Connection->writeCommand(Object(Predis_Commands_Exists))
#5 /data/php/projects/xiongdi/protected/extensions/redis/Predis.php(207): Predis_ConnectionCluster->executeCommand(Object(Predis_Commands_Exists))
#6 /data/php/projects/xiongdi/protected/extensions/redis/CRedisCache.php(153): Predis_Client->__call('exists', Array)
#7 /data/php/projects/xiongdi/protected/extensions/redis/CRedisCache.php(153): Predis_Client->exists('20150708_118')
#8 /data/php/projects/xiongdi/protected/controllers/pub/RotateController.php(422): CRedisCache->offsetExists('20150708_118')
#9 /data/php/projects/xiongdi/protected/controllers/pub/RotateController.php(102): RotateController->createPrize()
#10 /data/php/projects/yii/web/actions/CInlineAction.php(49): RotateController->actionRotate()
#11 /data/php/projects/yii/web/CController.php(308): CInlineAction->runWithParams(Array)
#12 /data/php/projects/yii/web/CController.php(286): CController->runAction(Object(CInlineAction))
#13 /data/php/projects/yii/web/CController.php(265): CController->runActionWithFilters(Object(CInlineAction), Array)
#14 /data/php/projects/yii/web/CWebApplication.php(282): CController->run('rotate')
#15 /data/php/projects/yii/web/CWebApplication.php(141): CWebApplication->runController('pub/rotate/rota...')
#16 /data/php/projects/yii/base/CApplication.php(180): CWebApplication->processRequest()
#17 /data/php/projects/xiongdi/index.php(14): CApplication->run()
#18 {main}
REQUEST_URI=/pub/rotate/rotate?_=1436327667388
HTTP_REFERER=http://house.dayuw.cn/pub/rotate/index
---
2015/07/08 12:36:23 [error] [exception.Predis_CommunicationException] exception 'Predis_CommunicationException' with message 'Connection refused' in /data/php/projects/xiongdi/protected/extensions/redis/Predis.php:1303
Stack trace:
#0 /data/php/projects/xiongdi/protected/extensions/redis/Predis.php(1268): Predis_Connection->onCommunicationException('Connection refu...', 61)
#1 /data/php/projects/xiongdi/protected/extensions/redis/Predis.php(1382): Predis_Connection->connect()
#2 /data/php/projects/xiongdi/protected/extensions/redis/Predis.php(1335): Predis_Connection->getSocket()
#3 /data/php/projects/xiongdi/protected/extensions/redis/Predis.php(1308): Predis_Connection->writeBytes('*2\r\n$6\r\nEXISTS\r...')
#4 /data/php/projects/xiongdi/protected/extensions/redis/Predis.php(1468): Predis_Connection->writeCommand(Object(Predis_Commands_Exists))
#5 /data/php/projects/xiongdi/protected/extensions/redis/Predis.php(207): Predis_ConnectionCluster->executeCommand(Object(Predis_Commands_Exists))
#6 /data/php/projects/xiongdi/protected/extensions/redis/CRedisCache.php(153): Predis_Client->__call('exists', Array)
#7 /data/php/projects/xiongdi/protected/extensions/redis/CRedisCache.php(153): Predis_Client->exists('20150708_59')
#8 /data/php/projects/xiongdi/protected/controllers/pub/RotateController.php(422): CRedisCache->offsetExists('20150708_59')
#9 /data/php/projects/xiongdi/protected/controllers/pub/RotateController.php(102): RotateController->createPrize()
#10 /data/php/projects/yii/web/actions/CInlineAction.php(49): RotateController->actionRotate()
#11 /data/php/projects/yii/web/CController.php(308): CInlineAction->runWithParams(Array)
#12 /data/php/projects/yii/web/CController.php(286): CController->runAction(Object(CInlineAction))
#13 /data/php/projects/yii/web/CController.php(265): CController->runActionWithFilters(Object(CInlineAction), Array)
#14 /data/php/projects/yii/web/CWebApplication.php(282): CController->run('rotate')
#15 /data/php/projects/yii/web/CWebApplication.php(141): CWebApplication->runController('pub/rotate/rota...')
#16 /data/php/projects/yii/base/CApplication.php(180): CWebApplication->processRequest()
#17 /data/php/projects/xiongdi/index.php(14): CApplication->run()
#18 {main}
REQUEST_URI=/pub/rotate/rotate?_=1436330176733
HTTP_REFERER=http://house.dayuw.cn/pub/rotate/index
---
2015/07/08 12:36:24 [error] [exception.Predis_CommunicationException] exception 'Predis_CommunicationException' with message 'Connection refused' in /data/php/projects/xiongdi/protected/extensions/redis/Predis.php:1303
Stack trace:
#0 /data/php/projects/xiongdi/protected/extensions/redis/Predis.php(1268): Predis_Connection->onCommunicationException('Connection refu...', 61)
#1 /data/php/projects/xiongdi/protected/extensions/redis/Predis.php(1382): Predis_Connection->connect()
#2 /data/php/projects/xiongdi/protected/extensions/redis/Predis.php(1335): Predis_Connection->getSocket()
#3 /data/php/projects/xiongdi/protected/extensions/redis/Predis.php(1308): Predis_Connection->writeBytes('*2\r\n$6\r\nEXISTS\r...')
#4 /data/php/projects/xiongdi/protected/extensions/redis/Predis.php(1468): Predis_Connection->writeCommand(Object(Predis_Commands_Exists))
#5 /data/php/projects/xiongdi/protected/extensions/redis/Predis.php(207): Predis_ConnectionCluster->executeCommand(Object(Predis_Commands_Exists))
#6 /data/php/projects/xiongdi/protected/extensions/redis/CRedisCache.php(153): Predis_Client->__call('exists', Array)
#7 /data/php/projects/xiongdi/protected/extensions/redis/CRedisCache.php(153): Predis_Client->exists('20150708_70')
#8 /data/php/projects/xiongdi/protected/controllers/pub/RotateController.php(422): CRedisCache->offsetExists('20150708_70')
#9 /data/php/projects/xiongdi/protected/controllers/pub/RotateController.php(102): RotateController->createPrize()
#10 /data/php/projects/yii/web/actions/CInlineAction.php(49): RotateController->actionRotate()
#11 /data/php/projects/yii/web/CController.php(308): CInlineAction->runWithParams(Array)
#12 /data/php/projects/yii/web/CController.php(286): CController->runAction(Object(CInlineAction))
#13 /data/php/projects/yii/web/CController.php(265): CController->runActionWithFilters(Object(CInlineAction), Array)
#14 /data/php/projects/yii/web/CWebApplication.php(282): CController->run('rotate')
#15 /data/php/projects/yii/web/CWebApplication.php(141): CWebApplication->runController('pub/rotate/rota...')
#16 /data/php/projects/yii/base/CApplication.php(180): CWebApplication->processRequest()
#17 /data/php/projects/xiongdi/index.php(14): CApplication->run()
#18 {main}
REQUEST_URI=/pub/rotate/rotate?_=1436330176734
HTTP_REFERER=http://house.dayuw.cn/pub/rotate/index
---
